Arguments: 
  /Users/dcassil/.nvm/versions/node/v16.19.1/bin/node /usr/local/bin/yarn add frame-link-react

PATH: 
  /Users/dcassil/.rvm/gems/ruby-2.7.4/bin:/Users/dcassil/.rvm/gems/ruby-2.7.4@global/bin:/Users/dcassil/.rvm/rubies/ruby-2.7.4/bin:/Users/dcassil/.dotnet:/Library/Frameworks/Python.framework/Versions/3.11/bin:/Users/dcassil/.dotnet:/Users/dcassil/.nvm/versions/node/v16.19.1/bin:/Users/dcassil/.dotnet:/Users/dcassil/.nvm/versions/node/v16.19.1/bin:/opt/homebrew/bin:/opt/homebrew/sbin:/usr/local/bin:/usr/bin:/bin:/usr/sbin:/sbin:/usr/local/lib/node_modules:/Library/Frameworks/Python.framework:/usr/local/share/dotnet:~/.dotnet/tools:/Library/Apple/usr/bin:/Users/dcassil/.rvm/gems/ruby-2.7.4/bin:/Users/dcassil/.rvm/gems/ruby-2.7.4@global/bin:/Users/dcassil/.rvm/rubies/ruby-2.7.4/bin:/Users/dcassil/opt/anaconda3/bin:/Users/dcassil/opt/anaconda3/condabin:/Users/dcassil/.dotnet:/Library/Frameworks/Python.framework/Versions/3.11/bin:/Users/dcassil/.nvm/versions/node/v16.19.1/bin:/opt/homebrew/bin:/opt/homebrew/sbin:/Library/Frameworks/Python.framework:/Users/dcassil/.rvm/bin:/Users/dcassil/.rvm/bin

Yarn version: 
  1.22.19

Node version: 
  16.19.1

Platform: 
  darwin arm64

Trace: 
  Error: https://registry.yarnpkg.com/frame-link-react: Not found
      at Request.params.callback [as _callback] (/usr/local/lib/node_modules/yarn/lib/cli.js:66145:18)
      at Request.self.callback (/usr/local/lib/node_modules/yarn/lib/cli.js:140890:22)
      at Request.emit (node:events:513:28)
      at Request.<anonymous> (/usr/local/lib/node_modules/yarn/lib/cli.js:141862:10)
      at Request.emit (node:events:513:28)
      at IncomingMessage.<anonymous> (/usr/local/lib/node_modules/yarn/lib/cli.js:141784:12)
      at Object.onceWrapper (node:events:627:28)
      at IncomingMessage.emit (node:events:525:35)
      at endReadableNT (node:internal/streams/readable:1358:12)
      at processTicksAndRejections (node:internal/process/task_queues:83:21)

npm manifest: 
  {
    "name": "frame-link-react",
    "version": "1.0.0",
    "description": "",
    "main": "dist/index.js",
    "scripts": {
      "test": "echo \"Error: no test specified\" && exit 1"
    },
    "author": "",
    "license": "ISC",
    "devDependencies": {
      "@types/react": "^18.2.55",
      "@types/react-dom": "^18.2.19",
      "typescript": "^5.3.3"
    },
    "dependencies": {
      "react": "^18.2.0",
      "react-dom": "^18.2.0"
    }
  }

yarn manifest: 
  No manifest

Lockfile: 
  # THIS IS AN AUTOGENERATED FILE. DO NOT EDIT THIS FILE DIRECTLY.
  # yarn lockfile v1
  
  
  "@types/prop-types@*":
    "integrity" "sha512-ga8y9v9uyeiLdpKddhxYQkxNDrfvuPrlFb0N1qnZZByvcElJaXthF1UhvCh9TLWJBEHeNtdnbysW7Y6Uq8CVng=="
    "resolved" "https://registry.npmjs.org/@types/prop-types/-/prop-types-15.7.11.tgz"
    "version" "15.7.11"
  
  "@types/react-dom@^18.2.19":
    "integrity" "sha512-aZvQL6uUbIJpjZk4U8JZGbau9KDeAwMfmhyWorxgBkqDIEf6ROjRozcmPIicqsUwPUjbkDfHKgGee1Lq65APcA=="
    "resolved" "https://registry.npmjs.org/@types/react-dom/-/react-dom-18.2.19.tgz"
    "version" "18.2.19"
    dependencies:
      "@types/react" "*"
  
  "@types/react@*", "@types/react@^18.2.55":
    "integrity" "sha512-Y2Tz5P4yz23brwm2d7jNon39qoAtMMmalOQv6+fEFt1mT+FcM3D841wDpoUvFXhaYenuROCy3FZYqdTjM7qVyA=="
    "resolved" "https://registry.npmjs.org/@types/react/-/react-18.2.55.tgz"
    "version" "18.2.55"
    dependencies:
      "@types/prop-types" "*"
      "@types/scheduler" "*"
      "csstype" "^3.0.2"
  
  "@types/scheduler@*":
    "integrity" "sha512-WZLiwShhwLRmeV6zH+GkbOFT6Z6VklCItrDioxUnv+u4Ll+8vKeFySoFyK/0ctcRpOmwAicELfmys1sDc/Rw+A=="
    "resolved" "https://registry.npmjs.org/@types/scheduler/-/scheduler-0.16.8.tgz"
    "version" "0.16.8"
  
  "csstype@^3.0.2":
    "integrity" "sha512-M1uQkMl8rQK/szD0LNhtqxIPLpimGm8sOBwU7lLnCpSbTyY3yeU1Vc7l4KT5zT4s/yOxHH5O7tIuuLOCnLADRw=="
    "resolved" "https://registry.npmjs.org/csstype/-/csstype-3.1.3.tgz"
    "version" "3.1.3"
  
  "frame-link-react@file:":
    "resolved" "file:"
    "version" "1.0.0"
    dependencies:
      "frame-link-react" "file:"
      "react" "^18.2.0"
      "react-dom" "^18.2.0"
  
  "js-tokens@^3.0.0 || ^4.0.0":
    "integrity" "sha512-RdJUflcE3cUzKiMqQgsCu06FPu9UdIJO0beYbPhHN4k6apgJtifcoCtT9bcxOpYBtpD2kCM6Sbzg4CausW/PKQ=="
    "resolved" "https://registry.npmjs.org/js-tokens/-/js-tokens-4.0.0.tgz"
    "version" "4.0.0"
  
  "loose-envify@^1.1.0":
    "integrity" "sha512-lyuxPGr/Wfhrlem2CL/UcnUc1zcqKAImBDzukY7Y5F/yQiNdko6+fRLevlw1HgMySw7f611UIY408EtxRSoK3Q=="
    "resolved" "https://registry.npmjs.org/loose-envify/-/loose-envify-1.4.0.tgz"
    "version" "1.4.0"
    dependencies:
      "js-tokens" "^3.0.0 || ^4.0.0"
  
  "react-dom@^18.2.0":
    "integrity" "sha512-6IMTriUmvsjHUjNtEDudZfuDQUoWXVxKHhlEGSk81n4YFS+r/Kl99wXiwlVXtPBtJenozv2P+hxDsw9eA7Xo6g=="
    "resolved" "https://registry.npmjs.org/react-dom/-/react-dom-18.2.0.tgz"
    "version" "18.2.0"
    dependencies:
      "loose-envify" "^1.1.0"
      "scheduler" "^0.23.0"
  
  "react@^18.2.0":
    "integrity" "sha512-/3IjMdb2L9QbBdWiW5e3P2/npwMBaU9mHCSCUzNln0ZCYbcfTsGbTJrU/kGemdH2IWmB2ioZ+zkxtmq6g09fGQ=="
    "resolved" "https://registry.npmjs.org/react/-/react-18.2.0.tgz"
    "version" "18.2.0"
    dependencies:
      "loose-envify" "^1.1.0"
  
  "scheduler@^0.23.0":
    "integrity" "sha512-CtuThmgHNg7zIZWAXi3AsyIzA3n4xx7aNyjwC2VJldO2LMVDhFK+63xGqq6CsJH4rTAt6/M+N4GhZiDYPx9eUw=="
    "resolved" "https://registry.npmjs.org/scheduler/-/scheduler-0.23.0.tgz"
    "version" "0.23.0"
    dependencies:
      "loose-envify" "^1.1.0"
  
  "typescript@^5.3.3":
    "integrity" "sha512-pXWcraxM0uxAS+tN0AG/BF2TyqmHO014Z070UsJ+pFvYuRSq8KH8DmWpnbXe0pEPDHXZV3FcAbJkijJ5oNEnWw=="
    "resolved" "https://registry.npmjs.org/typescript/-/typescript-5.3.3.tgz"
    "version" "5.3.3"
